\BOOKMARK [1][-]{section.1}{\376\377\000I\000n\000t\000r\000o\000d\000u\000c\000t\000i\000o\000n}{}% 1
\BOOKMARK [1][-]{section.2}{\376\377\000L\000i\000t\000e\000r\000a\000t\000u\000r\000e\000\040\000R\000e\000v\000i\000e\000w}{}% 2
\BOOKMARK [1][-]{section.3}{\376\377\000F\000r\000a\000c\000t\000i\000o\000n\000a\000l\000\040\000B\000r\000o\000w\000n\000i\000a\000n\000\040\000M\000o\000t\000i\000o\000n}{}% 3
\BOOKMARK [2][-]{subsection.3.1}{\376\377\000D\000a\000t\000a}{section.3}% 4
\BOOKMARK [2][-]{subsection.3.2}{\376\377\000R\000e\000s\000u\000l\000t\000s}{section.3}% 5
\BOOKMARK [2][-]{subsection.3.3}{\376\377\000G\000e\000n\000e\000r\000a\000l\000i\000z\000e\000d\000\040\000H\000u\000r\000s\000t\000\040\000E\000x\000p\000o\000n\000e\000n\000t}{section.3}% 6
\BOOKMARK [2][-]{subsection.3.4}{\376\377\000H\000\366\000l\000d\000e\000r\000\040\000e\000x\000p\000o\000n\000e\000n\000t}{section.3}% 7
\BOOKMARK [2][-]{subsection.3.5}{\376\377\000M\000u\000l\000t\000i\000f\000r\000a\000c\000t\000a\000l\000\040\000S\000p\000e\000c\000t\000r\000u\000m}{section.3}% 8
\BOOKMARK [1][-]{section.4}{\376\377\000I\000n\000e\000f\000f\000i\000c\000i\000e\000n\000c\000y\000\040\000I\000n\000d\000e\000x}{}% 9
\BOOKMARK [2][-]{subsection.4.1}{\376\377\000P\000r\000o\000p\000o\000s\000i\000t\000i\000o\000n\000\040\000o\000f\000\040\000a\000n\000\040\000I\000n\000e\000f\000f\000i\000c\000i\000e\000n\000c\000y\000\040\000I\000n\000d\000e\000x}{section.4}% 10
\BOOKMARK [1][-]{section.5}{\376\377\000T\000r\000a\000d\000i\000n\000g\000\040\000S\000t\000r\000a\000t\000e\000g\000y}{}% 11
\BOOKMARK [1][-]{section.6}{\376\377\000C\000o\000n\000c\000l\000u\000s\000i\000o\000n}{}% 12
\BOOKMARK [1][-]{section.7}{\376\377\000A\000p\000p\000e\000n\000d\000i\000x}{}% 13
\BOOKMARK [2][-]{subsection.7.1}{\376\377\000D\000e\000m\000o\000n\000s\000t\000r\000a\000t\000i\000o\000n\000\040\000o\000f\000\040\000t\000h\000e\000\040\000c\000o\000v\000a\000r\000i\000a\000n\000c\000e\000\040\000o\000f\000\040\000f\000r\000a\000c\000t\000i\000o\000n\000a\000l\000\040\000B\000r\000o\000w\000n\000i\000a\000n\000\040\000m\000o\000t\000i\000o\000n\000\040\000\050\000f\000B\000m\000\051}{section.7}% 14
\BOOKMARK [2][-]{subsection.7.2}{\376\377\000A\000u\000g\000m\000e\000n\000t\000e\000d\000\040\000D\000i\000c\000k\000e\000y\000-\000F\000u\000l\000l\000e\000r\000\040\000T\000e\000s\000t}{section.7}% 15
\BOOKMARK [2][-]{subsection.7.3}{\376\377\000D\000e\000f\000i\000n\000i\000t\000i\000o\000n\000\040\000\050\000T\000i\000m\000e\000\040\000D\000o\000m\000a\000i\000n\000\051}{section.7}% 16
\BOOKMARK [2][-]{subsection.7.4}{\376\377\000S\000i\000m\000u\000l\000a\000t\000i\000o\000n\000\040\000o\000f\000\040\000F\000r\000a\000c\000t\000i\000o\000n\000a\000l\000\040\000B\000r\000o\000w\000n\000i\000a\000n\000\040\000M\000o\000t\000i\000o\000n}{section.7}% 17
\BOOKMARK [2][-]{subsection.7.5}{\376\377\000R\000/\000S\000\040\000a\000n\000d\000\040\000M\000o\000d\000i\000f\000i\000e\000d\000\040\000R\000/\000S\000\040\000A\000n\000a\000l\000y\000s\000i\000s}{section.7}% 18
\BOOKMARK [2][-]{subsection.7.6}{\376\377\000M\000o\000d\000i\000f\000i\000e\000d\000\040\000R\000/\000S\000\040\000A\000n\000a\000l\000y\000s\000i\000s}{section.7}% 19
\BOOKMARK [2][-]{subsection.7.7}{\376\377\000C\000r\000i\000t\000i\000c\000a\000l\000\040\000V\000a\000l\000u\000e\000s\000\040\000f\000o\000r\000\040\000t\000h\000e\000\040\000M\000o\000d\000i\000f\000i\000e\000d\000\040\000R\000/\000S\000\040\000T\000e\000s\000t}{section.7}% 20
\BOOKMARK [1][-]{section.8}{\376\377\000M\000u\000l\000t\000i\000f\000r\000a\000c\000t\000a\000l\000\040\000D\000e\000t\000r\000e\000n\000d\000e\000d\000\040\000F\000l\000u\000c\000t\000u\000a\000t\000i\000o\000n\000\040\000A\000n\000a\000l\000y\000s\000i\000s}{}% 21
\BOOKMARK [2][-]{subsection.8.1}{\376\377\000P\000r\000o\000o\000f\000\040\000o\000f\000\040\000F\0000\000\050\000s\000\051\000\040\000a\000s\000\040\000q\0000}{section.8}% 22
\BOOKMARK [2][-]{subsection.8.2}{\376\377\000M\000F\000-\000D\000F\000A\000\040\000G\000r\000a\000p\000h\000i\000c\000a\000l\000\040\000R\000e\000p\000r\000e\000s\000e\000n\000t\000a\000t\000i\000o\000n}{section.8}% 23
\BOOKMARK [2][-]{subsection.8.3}{\376\377\000M\000u\000l\000t\000i\000f\000r\000a\000c\000t\000a\000l\000\040\000S\000p\000e\000c\000t\000r\000u\000m\000\040\000o\000f\000\040\000R\000u\000s\000s\000e\000l\000l\000\040\000R\000e\000t\000u\000r\000n\000s}{section.8}% 24
\BOOKMARK [2][-]{subsection.8.4}{\376\377\000M\000u\000l\000t\000i\000f\000r\000a\000c\000t\000a\000l\000\040\000S\000p\000e\000c\000t\000r\000u\000m\000\040\000o\000f\000\040\000S\000\046\000P\000\040\0005\0000\0000\000\040\000R\000e\000t\000u\000r\000n\000s}{section.8}% 25
\BOOKMARK [1][-]{section.9}{\376\377\000L\000o\000g\000\040\000P\000r\000i\000c\000e\000s\000\040\000a\000n\000d\000\040\000I\000n\000e\000f\000f\000i\000c\000i\000e\000n\000c\000y\000\040\000I\000n\000d\000e\000x}{}% 26
\BOOKMARK [1][-]{section.10}{\376\377\000T\000r\000a\000d\000i\000n\000g\000\040\000S\000t\000r\000a\000t\000e\000g\000y}{}% 27
\BOOKMARK [2][-]{subsection.10.1}{\376\377\000C\000u\000m\000u\000l\000a\000t\000i\000v\000e\000\040\000R\000e\000t\000u\000r\000n\000s\000\040\000o\000f\000\040\000t\000h\000e\000\040\000T\000r\000a\000d\000i\000n\000g\000\040\000S\000t\000r\000a\000t\000e\000g\000y}{section.10}% 28
\BOOKMARK [1][-]{section.11}{\376\377\000R\000e\000f\000e\000r\000e\000n\000c\000e\000s}{}% 29
